This file contains any messages produced by compilers while
running configure, to aid debugging if configure makes a mistake.

It was created by Spex configure 1-05.07, which was
generated by GNU Autoconf 2.69.  Invocation command line was

  $ ./configure --with-hdf5=/usr/lib/x86_64-linux-gnu/hdf5/openmpi/

## --------- ##
## Platform. ##
## --------- ##

hostname = DESKTOP-PQ7UQV2
uname -m = x86_64
uname -r = 4.19.128-microsoft-standard
uname -s = Linux
uname -v = #1 SMP Tue Jun 23 12:58:10 UTC 2020

/usr/bin/uname -p = x86_64
/bin/uname -X     = unknown

/bin/arch              = x86_64
/usr/bin/arch -k       = unknown
/usr/convex/getsysinfo = unknown
/usr/bin/hostinfo      = unknown
/bin/machine           = unknown
/usr/bin/oslevel       = unknown
/bin/universe          = unknown

PATH: /usr/local/sbin
PATH: /usr/local/bin
PATH: /usr/sbin
PATH: /usr/bin
PATH: /sbin
PATH: /bin
PATH: /usr/games
PATH: /usr/local/games
PATH: /mnt/c/Windows/system32
PATH: /mnt/c/Windows
PATH: /mnt/c/Windows/System32/Wbem
PATH: /mnt/c/Windows/System32/WindowsPowerShell/v1.0/
PATH: /mnt/c/Windows/System32/OpenSSH/
PATH: /mnt/c/Program Files (x86)/ATI Technologies/ATI.ACE/Core-Static
PATH: /mnt/c/Users/Nicko/AppData/Local/Microsoft/WindowsApps
PATH: /snap/bin


## ----------- ##
## Core tests. ##
## ----------- ##

configure:2325: checking whether to compile using MPI
configure:2332: result: no
configure:2495: checking for gfortran
configure:2511: found /usr/bin/gfortran
configure:2522: result: gfortran
configure:2548: checking for Fortran compiler version
configure:2557: gfortran --version >&5
GNU Fortran (Ubuntu 10.2.0-13ubuntu1) 10.2.0
Copyright (C) 2020 Free Software Foundation, Inc.
This is free software; see the source for copying conditions.  There is NO
warranty; not even for MERCHANTABILITY or FITNESS FOR A PARTICULAR PURPOSE.

configure:2568: $? = 0
configure:2557: gfortran -v >&5
Using built-in specs.
COLLECT_GCC=gfortran
COLLECT_LTO_WRAPPER=/usr/lib/gcc/x86_64-linux-gnu/10/lto-wrapper
OFFLOAD_TARGET_NAMES=nvptx-none:amdgcn-amdhsa:hsa
OFFLOAD_TARGET_DEFAULT=1
Target: x86_64-linux-gnu
Configured with: ../src/configure -v --with-pkgversion='Ubuntu 10.2.0-13ubuntu1' --with-bugurl=file:///usr/share/doc/gcc-10/README.Bugs --enable-languages=c,ada,c++,go,brig,d,fortran,objc,obj-c++,m2 --prefix=/usr --with-gcc-major-version-only --program-suffix=-10 --program-prefix=x86_64-linux-gnu- --enable-shared --enable-linker-build-id --libexecdir=/usr/lib --without-included-gettext --enable-threads=posix --libdir=/usr/lib --enable-nls --enable-clocale=gnu --enable-libstdcxx-debug --enable-libstdcxx-time=yes --with-default-libstdcxx-abi=new --enable-gnu-unique-object --disable-vtable-verify --enable-plugin --enable-default-pie --with-system-zlib --enable-libphobos-checking=release --with-target-system-zlib=auto --enable-objc-gc=auto --enable-multiarch --disable-werror --with-arch-32=i686 --with-abi=m64 --with-multilib-list=m32,m64,mx32 --enable-multilib --with-tune=generic --enable-offload-targets=nvptx-none=/build/gcc-10-JvwpWM/gcc-10-10.2.0/debian/tmp-nvptx/usr,amdgcn-amdhsa=/build/gcc-10-JvwpWM/gcc-10-10.2.0/debian/tmp-gcn/usr,hsa --without-cuda-driver --enable-checking=release --build=x86_64-linux-gnu --host=x86_64-linux-gnu --target=x86_64-linux-gnu
Thread model: posix
Supported LTO compression algorithms: zlib zstd
gcc version 10.2.0 (Ubuntu 10.2.0-13ubuntu1) 
... rest of stderr output deleted ...
configure:2568: $? = 0
configure:2557: gfortran -V >&5
gfortran: error: unrecognized command-line option '-V'
gfortran: fatal error: no input files
compilation terminated.
configure:2568: $? = 1
configure:2557: gfortran -qversion >&5
gfortran: error: unrecognized command-line option '-qversion'; did you mean '--version'?
gfortran: fatal error: no input files
compilation terminated.
configure:2568: $? = 1
configure:2583: checking whether the Fortran compiler works
configure:2605: gfortran    conftest.f  >&5
configure:2609: $? = 0
configure:2657: result: yes
configure:2660: checking for Fortran compiler default output file name
configure:2662: result: a.out
configure:2668: checking for suffix of executables
configure:2675: gfortran -o conftest    conftest.f  >&5
configure:2679: $? = 0
configure:2701: result: 
configure:2717: checking whether we are cross compiling
configure:2725: gfortran -o conftest    conftest.f  >&5
configure:2729: $? = 0
configure:2736: ./conftest
configure:2740: $? = 0
configure:2728: result: no
configure:2733: checking for suffix of object files
configure:2749: gfortran -c   conftest.f >&5
configure:2753: $? = 0
configure:2774: result: o
configure:2782: checking whether we are using the GNU Fortran compiler
configure:2795: gfortran -c   conftest.F >&5
configure:2795: $? = 0
configure:2804: result: yes
configure:2810: checking whether gfortran accepts -g
configure:2821: gfortran -c -g  conftest.f >&5
configure:2821: $? = 0
configure:2829: result: yes
configure:3042: checking for compiler name
configure:3046: result: GNU Fortran (Ubuntu 10.2.0-13ubuntu1) 10.2.0
configure:3089: Default interface to fleurR5.1 will be compiled.
configure:3095: checking for src/readwrite_fleurR5.1.f
configure:3109: result: yes
configure:3150: checking for Fortran flag needed to accept 132 column source lines
configure:3172: gfortran -c -g -O2  conftest.f >&5
conftest.f:2:72:

    2 |       subroutine longer_than_80(arg1,arg2,arg3,arg4,arg5,arg6,arg7,arg8,arg9,arg10)
      |                                                                        1
Error: Invalid character in name at (1)
conftest.f:3:9:

    3 |       end subroutine
      |         1
Error: Expecting END PROGRAM statement at (1)
configure:3172: $? = 1
configure: failed program was:
| 
|       subroutine longer_than_80(arg1,arg2,arg3,arg4,arg5,arg6,arg7,arg8,arg9,arg10)
|       end subroutine
configure:3172: gfortran -c -g -O2 -ffree-line-length-none  conftest.f >&5
conftest.f:2:72:

    2 |       subroutine longer_than_80(arg1,arg2,arg3,arg4,arg5,arg6,arg7,arg8,arg9,arg10)
      |                                                                        1
Error: Invalid character in name at (1)
conftest.f:3:9:

    3 |       end subroutine
      |         1
Error: Expecting END PROGRAM statement at (1)
configure:3172: $? = 1
configure: failed program was:
| 
|       subroutine longer_than_80(arg1,arg2,arg3,arg4,arg5,arg6,arg7,arg8,arg9,arg10)
|       end subroutine
configure:3172: gfortran -c -g -O2 -ffixed-line-length-none  conftest.f >&5
configure:3172: $? = 0
configure:3181: result: -ffixed-line-length-none
configure:3220: gfortran -c -g -O2 -ffixed-line-length-none -check all -check noarg_temp_created  conftest.f >&5
gfortran: error: all: No such file or directory
gfortran: error: noarg_temp_created: No such file or directory
gfortran: error: unrecognized command-line option '-check'; did you mean '-fcheck='?
gfortran: error: unrecognized command-line option '-check'; did you mean '-fcheck='?
configure:3220: $? = 1
configure: failed program was:
|       program main
| 
|       end
configure:3220: gfortran -c -g -O2 -ffixed-line-length-none -fcheck=all,no-array-temps  conftest.f >&5
configure:3220: $? = 0
configure:3220: gfortran -c -g -O2 -ffixed-line-length-none -traceback  conftest.f >&5
gfortran: error: unrecognized command-line option '-traceback'
configure:3220: $? = 1
configure: failed program was:
|       program main
| 
|       end
configure:3220: gfortran -c -g -O2 -ffixed-line-length-none -fbacktrace  conftest.f >&5
configure:3220: $? = 0
configure:3220: gfortran -c -g -O2 -ffixed-line-length-none -ftrace=frame  conftest.f >&5
gfortran: error: unrecognized command-line option '-ftrace=frame'
configure:3220: $? = 1
configure: failed program was:
|       program main
| 
|       end
configure:3220: gfortran -c -g -O2 -ffixed-line-length-none -C=array  conftest.f >&5
gfortran: error: unrecognized command-line option '-C=array'
configure:3220: $? = 1
configure: failed program was:
|       program main
| 
|       end
configure:3220: gfortran -c -g -O2 -ffixed-line-length-none -gline  conftest.f >&5
gfortran: error: unrecognized debug output level 'line'
configure:3220: $? = 1
configure: failed program was:
|       program main
| 
|       end
configure:3233: Compiler check options:  -fcheck=all,no-array-temps -fbacktrace
configure:3239: checking for preprocessor flag
configure:3252: gfortran -c -g -O2 -ffixed-line-length-none -cpp  conftest.f >&5
configure:3252: $? = 0
configure:3259: result: -cpp
configure:3271: checking what preprocessor the compiler uses
configure:3279: gfortran -o conftest -g -O2 -ffixed-line-length-none -cpp   conftest.f  >&5
conftest.f:3:19:

    3 |        write(*,*) stringify(hallo)
      |                   1
Error: Expected expression in WRITE statement at (1)
configure:3279: $? = 1
configure: failed program was:
|       program main
| # define stringify(arg) #arg
|        write(*,*) stringify(hallo)
|       end
configure:3293: gfortran -o conftest -g -O2 -ffixed-line-length-none -cpp   conftest.f  >&5
configure:3293: $? = 0
configure:3301: result: cpp -traditional
configure:3313: checking if preprocessor supports directive WARNING
configure:3320: gfortran -c -g -O2 -ffixed-line-length-none -cpp  conftest.f >&5
conftest.f:2:3:

    2 | # warning message
      |   1~~~~~~
Warning: #warning message [-Wcpp]
configure:3320: $? = 0
configure:3326: result: yes
configure:3332: checking if compiler accepts overlong lines after preprocessing
configure:3340: gfortran -c -g -O2 -ffixed-line-length-none -cpp  conftest.f >&5
configure:3340: $? = 0
configure:3346: result: yes
configure:3356: checking if compiler accepts arithmetic overflow
configure:3363: gfortran -c -g -O2 -ffixed-line-length-none -cpp  conftest.f >&5
configure:3363: $? = 0
configure:3382: result: yes
configure:3391: checking if compiler accepts arithmetic overflow at runtime
configure:3404: gfortran -o conftest -g -O2 -ffixed-line-length-none -cpp   conftest.f  >&5
configure:3404: $? = 0
configure:3404: ./conftest
configure:3404: $? = 0
configure:3435: result: yes
configure:3446: checking if compiler supports hostnm
configure:3454: gfortran -o conftest -g -O2 -ffixed-line-length-none -cpp   conftest.f  >&5
configure:3454: $? = 0
configure:3461: result: yes
configure:3469: checking if compiler supports getpid
configure:3477: gfortran -o conftest -g -O2 -ffixed-line-length-none -cpp   conftest.f  >&5
configure:3477: $? = 0
configure:3484: result: yes
configure:3492: checking if compiler supports execute_command_line
configure:3499: gfortran -o conftest -g -O2 -ffixed-line-length-none -cpp   conftest.f  >&5
configure:3499: $? = 0
configure:3506: result: yes
configure:3536: checking if compiler supports call exit
configure:3543: gfortran -o conftest -g -O2 -ffixed-line-length-none -cpp   conftest.f  >&5
configure:3543: $? = 0
configure:3550: result: yes
configure:3578: checking for compiler optimization option
configure:3582: result: -O2 (found in FCFLAGS)
configure:3625: gfortran -c -g -O2 -ffixed-line-length-none -cpp -diag-disable 8290,8291  conftest.f >&5
gfortran: error: 8290,8291: No such file or directory
configure:3625: $? = 1
configure: failed program was:
|       program main
| 
|       end
configure:3634: checking if compiler accepts backslash
configure:3641: gfortran -c -g -O2 -ffixed-line-length-none -cpp  conftest.f >&5
configure:3641: $? = 0
configure:3661: result: yes
configure:3676: Debug compiler flag (-g) is stripped from FCFLAGS.
configure:3684: checking for GCC compiler bug 82065
configure:3704: gfortran -c  -O2 -ffixed-line-length-none -cpp  conftest.f >&5
configure:3704: $? = 0
configure:3713: result: no
configure:3718: checking if compiler supports intrinsic SIZEOF
configure:3726: gfortran -o conftest  -O2 -ffixed-line-length-none -cpp   conftest.f  >&5
configure:3726: $? = 0
configure:3736: result: yes
configure:3739: checking for function that gives imaginary part
configure:3747: gfortran -o conftest  -O2 -ffixed-line-length-none -cpp   conftest.f  >&5
configure:3747: $? = 0
configure:3770: result: imag
configure:3779: checking for option to suppress argument consistency checking
configure:3790: gfortran -c  -O2 -ffixed-line-length-none -cpp  conftest.f >&5
conftest.f:3:17:

    3 |       call sub(z)
      |                 1
Error: Type mismatch in argument 'r' at (1); passed COMPLEX(4) to REAL(4)
configure:3790: $? = 1
configure: failed program was:
|       program main
|       complex z
|       call sub(z)
|       end
|       subroutine sub(r)
|       real r
|       end
configure:3810: gfortran -c  -O2 -ffixed-line-length-none -cpp -mismatch_all  conftest.f >&5
gfortran: error: unrecognized command-line option '-mismatch_all'
configure:3810: $? = 1
configure: failed program was:
|       program main
|       complex z
|       call sub(z)
|       end
|       subroutine sub(r)
|       real r
|       end
configure:3810: gfortran -c  -O2 -ffixed-line-length-none -cpp -fallow-argument-mismatch  conftest.f >&5
conftest.f:3:17:

    3 |       call sub(z)
      |                 1
Warning: Type mismatch in argument 'r' at (1); passed COMPLEX(4) to REAL(4)
configure:3810: $? = 0
configure:3823: result: -fallow-argument-mismatch
configure:3832: checking if compiler accepts non-standard "dollar" format descriptor
configure:3839: gfortran -c  -O2 -ffixed-line-length-none -cpp -fallow-argument-mismatch  conftest.f >&5
configure:3839: $? = 0
configure:3848: result: yes
configure:3851: checking if compiler supports ieee_arithmetic
configure:3858: gfortran -c  -O2 -ffixed-line-length-none -cpp -fallow-argument-mismatch  conftest.f >&5
configure:3858: $? = 0
configure:3867: result: yes
configure:3979: checking for Fortran 77 compiler version
configure:3988: gfortran --version >&5
GNU Fortran (Ubuntu 10.2.0-13ubuntu1) 10.2.0
Copyright (C) 2020 Free Software Foundation, Inc.
This is free software; see the source for copying conditions.  There is NO
warranty; not even for MERCHANTABILITY or FITNESS FOR A PARTICULAR PURPOSE.

configure:3999: $? = 0
configure:3988: gfortran -v >&5
Using built-in specs.
COLLECT_GCC=gfortran
COLLECT_LTO_WRAPPER=/usr/lib/gcc/x86_64-linux-gnu/10/lto-wrapper
OFFLOAD_TARGET_NAMES=nvptx-none:amdgcn-amdhsa:hsa
OFFLOAD_TARGET_DEFAULT=1
Target: x86_64-linux-gnu
Configured with: ../src/configure -v --with-pkgversion='Ubuntu 10.2.0-13ubuntu1' --with-bugurl=file:///usr/share/doc/gcc-10/README.Bugs --enable-languages=c,ada,c++,go,brig,d,fortran,objc,obj-c++,m2 --prefix=/usr --with-gcc-major-version-only --program-suffix=-10 --program-prefix=x86_64-linux-gnu- --enable-shared --enable-linker-build-id --libexecdir=/usr/lib --without-included-gettext --enable-threads=posix --libdir=/usr/lib --enable-nls --enable-clocale=gnu --enable-libstdcxx-debug --enable-libstdcxx-time=yes --with-default-libstdcxx-abi=new --enable-gnu-unique-object --disable-vtable-verify --enable-plugin --enable-default-pie --with-system-zlib --enable-libphobos-checking=release --with-target-system-zlib=auto --enable-objc-gc=auto --enable-multiarch --disable-werror --with-arch-32=i686 --with-abi=m64 --with-multilib-list=m32,m64,mx32 --enable-multilib --with-tune=generic --enable-offload-targets=nvptx-none=/build/gcc-10-JvwpWM/gcc-10-10.2.0/debian/tmp-nvptx/usr,amdgcn-amdhsa=/build/gcc-10-JvwpWM/gcc-10-10.2.0/debian/tmp-gcn/usr,hsa --without-cuda-driver --enable-checking=release --build=x86_64-linux-gnu --host=x86_64-linux-gnu --target=x86_64-linux-gnu
Thread model: posix
Supported LTO compression algorithms: zlib zstd
gcc version 10.2.0 (Ubuntu 10.2.0-13ubuntu1) 
... rest of stderr output deleted ...
configure:3999: $? = 0
configure:3988: gfortran -V >&5
gfortran: error: unrecognized command-line option '-V'
gfortran: fatal error: no input files
compilation terminated.
configure:3999: $? = 1
configure:3988: gfortran -qversion >&5
gfortran: error: unrecognized command-line option '-qversion'; did you mean '--version'?
gfortran: fatal error: no input files
compilation terminated.
configure:3999: $? = 1
configure:4008: checking whether we are using the GNU Fortran 77 compiler
configure:4021: gfortran -c  conftest.F >&5
configure:4021: $? = 0
configure:4030: result: yes
configure:4036: checking whether gfortran accepts -g
configure:4047: gfortran -c -g conftest.f >&5
configure:4047: $? = 0
configure:4055: result: yes
configure:4087: checking build system type
configure:4101: result: x86_64-unknown-linux-gnu
configure:4121: checking host system type
configure:4134: result: x86_64-unknown-linux-gnu
configure:4159: checking how to get verbose linking output from gfortran
configure:4169: gfortran -c -g -O2 conftest.f >&5
configure:4169: $? = 0
configure:4187: gfortran -o conftest -g -O2 -v conftest.f
Using built-in specs.
Target: x86_64-linux-gnu
Thread model: posix
Supported LTO compression algorithms: zlib zstd
gcc version 10.2.0 (Ubuntu 10.2.0-13ubuntu1) 
 /usr/lib/gcc/x86_64-linux-gnu/10/f951 conftest.f -ffixed-form -quiet -dumpbase conftest.f -mtune=generic -march=x86-64 -auxbase conftest -g -O2 -version -fintrinsic-modules-path /usr/lib/gcc/x86_64-linux-gnu/10/finclude -fpre-include=/usr/include/finclude/math-vector-fortran.h -o /tmp/cci55bbC.s
GNU Fortran (Ubuntu 10.2.0-13ubuntu1) version 10.2.0 (x86_64-linux-gnu)
	compiled by GNU C version 10.2.0, GMP version 6.2.0, MPFR version 4.1.0, MPC version 1.2.0-rc1, isl version isl-0.22.1-GMP

GGC heuristics: --param ggc-min-expand=100 --param ggc-min-heapsize=131072
GNU Fortran2008 (Ubuntu 10.2.0-13ubuntu1) version 10.2.0 (x86_64-linux-gnu)
	compiled by GNU C version 10.2.0, GMP version 6.2.0, MPFR version 4.1.0, MPC version 1.2.0-rc1, isl version isl-0.22.1-GMP

GGC heuristics: --param ggc-min-expand=100 --param ggc-min-heapsize=131072
 as -v --64 -o /tmp/ccOp2yxF.o /tmp/cci55bbC.s
GNU assembler version 2.35.1 (x86_64-linux-gnu) using BFD version (GNU Binutils for Ubuntu) 2.35.1
Reading specs from /usr/lib/gcc/x86_64-linux-gnu/10/libgfortran.spec
rename spec lib to liborig
 /usr/lib/gcc/x86_64-linux-gnu/10/collect2 -plugin /usr/lib/gcc/x86_64-linux-gnu/10/liblto_plugin.so -plugin-opt=/usr/lib/gcc/x86_64-linux-gnu/10/lto-wrapper -plugin-opt=-fresolution=/tmp/ccT8MvSF.res -plugin-opt=-pass-through=-lgcc_s -plugin-opt=-pass-through=-lgcc -plugin-opt=-pass-through=-lquadmath -plugin-opt=-pass-through=-lm -plugin-opt=-pass-through=-lgcc_s -plugin-opt=-pass-through=-lgcc -plugin-opt=-pass-through=-lc -plugin-opt=-pass-through=-lgcc_s -plugin-opt=-pass-through=-lgcc --build-id --eh-frame-hdr -m elf_x86_64 --hash-style=gnu --as-needed -dynamic-linker /lib64/ld-linux-x86-64.so.2 -pie -z now -z relro -o conftest /usr/lib/gcc/x86_64-linux-gnu/10/../../../x86_64-linux-gnu/Scrt1.o /usr/lib/gcc/x86_64-linux-gnu/10/../../../x86_64-linux-gnu/crti.o /usr/lib/gcc/x86_64-linux-gnu/10/crtbeginS.o -L/usr/lib/gcc/x86_64-linux-gnu/10 -L/usr/lib/gcc/x86_64-linux-gnu/10/../../../x86_64-linux-gnu -L/usr/lib/gcc/x86_64-linux-gnu/10/../../../../lib -L/lib/x86_64-linux-gnu -L/lib/../lib -L/usr/lib/x86_64-linux-gnu -L/usr/lib/../lib -L/usr/lib/gcc/x86_64-linux-gnu/10/../../.. /tmp/ccOp2yxF.o -lgfortran -lm -lgcc_s -lgcc -lquadmath -lm -lgcc_s -lgcc -lc -lgcc_s -lgcc /usr/lib/gcc/x86_64-linux-gnu/10/crtendS.o /usr/lib/gcc/x86_64-linux-gnu/10/../../../x86_64-linux-gnu/crtn.o
configure:4270: result: -v
configure:4272: checking for Fortran 77 libraries of gfortran
configure:4295: gfortran -o conftest -g -O2 -v conftest.f
Using built-in specs.
Target: x86_64-linux-gnu
Thread model: posix
Supported LTO compression algorithms: zlib zstd
gcc version 10.2.0 (Ubuntu 10.2.0-13ubuntu1) 
 /usr/lib/gcc/x86_64-linux-gnu/10/f951 conftest.f -ffixed-form -quiet -dumpbase conftest.f -mtune=generic -march=x86-64 -auxbase conftest -g -O2 -version -fintrinsic-modules-path /usr/lib/gcc/x86_64-linux-gnu/10/finclude -fpre-include=/usr/include/finclude/math-vector-fortran.h -o /tmp/cc4SGhaP.s
GNU Fortran (Ubuntu 10.2.0-13ubuntu1) version 10.2.0 (x86_64-linux-gnu)
	compiled by GNU C version 10.2.0, GMP version 6.2.0, MPFR version 4.1.0, MPC version 1.2.0-rc1, isl version isl-0.22.1-GMP

GGC heuristics: --param ggc-min-expand=100 --param ggc-min-heapsize=131072
GNU Fortran2008 (Ubuntu 10.2.0-13ubuntu1) version 10.2.0 (x86_64-linux-gnu)
	compiled by GNU C version 10.2.0, GMP version 6.2.0, MPFR version 4.1.0, MPC version 1.2.0-rc1, isl version isl-0.22.1-GMP

GGC heuristics: --param ggc-min-expand=100 --param ggc-min-heapsize=131072
 as -v --64 -o /tmp/ccF1mH2L.o /tmp/cc4SGhaP.s
GNU assembler version 2.35.1 (x86_64-linux-gnu) using BFD version (GNU Binutils for Ubuntu) 2.35.1
Reading specs from /usr/lib/gcc/x86_64-linux-gnu/10/libgfortran.spec
rename spec lib to liborig
 /usr/lib/gcc/x86_64-linux-gnu/10/collect2 -plugin /usr/lib/gcc/x86_64-linux-gnu/10/liblto_plugin.so -plugin-opt=/usr/lib/gcc/x86_64-linux-gnu/10/lto-wrapper -plugin-opt=-fresolution=/tmp/ccj1VAoO.res -plugin-opt=-pass-through=-lgcc_s -plugin-opt=-pass-through=-lgcc -plugin-opt=-pass-through=-lquadmath -plugin-opt=-pass-through=-lm -plugin-opt=-pass-through=-lgcc_s -plugin-opt=-pass-through=-lgcc -plugin-opt=-pass-through=-lc -plugin-opt=-pass-through=-lgcc_s -plugin-opt=-pass-through=-lgcc --build-id --eh-frame-hdr -m elf_x86_64 --hash-style=gnu --as-needed -dynamic-linker /lib64/ld-linux-x86-64.so.2 -pie -z now -z relro -o conftest /usr/lib/gcc/x86_64-linux-gnu/10/../../../x86_64-linux-gnu/Scrt1.o /usr/lib/gcc/x86_64-linux-gnu/10/../../../x86_64-linux-gnu/crti.o /usr/lib/gcc/x86_64-linux-gnu/10/crtbeginS.o -L/usr/lib/gcc/x86_64-linux-gnu/10 -L/usr/lib/gcc/x86_64-linux-gnu/10/../../../x86_64-linux-gnu -L/usr/lib/gcc/x86_64-linux-gnu/10/../../../../lib -L/lib/x86_64-linux-gnu -L/lib/../lib -L/usr/lib/x86_64-linux-gnu -L/usr/lib/../lib -L/usr/lib/gcc/x86_64-linux-gnu/10/../../.. /tmp/ccF1mH2L.o -lgfortran -lm -lgcc_s -lgcc -lquadmath -lm -lgcc_s -lgcc -lc -lgcc_s -lgcc /usr/lib/gcc/x86_64-linux-gnu/10/crtendS.o /usr/lib/gcc/x86_64-linux-gnu/10/../../../x86_64-linux-gnu/crtn.o
configure:4491: result:  -L/usr/lib/gcc/x86_64-linux-gnu/10 -L/usr/lib/gcc/x86_64-linux-gnu/10/../../../x86_64-linux-gnu -L/usr/lib/gcc/x86_64-linux-gnu/10/../../../../lib -L/lib/x86_64-linux-gnu -L/lib/../lib -L/usr/lib/x86_64-linux-gnu -L/usr/lib/../lib -L/usr/lib/gcc/x86_64-linux-gnu/10/../../.. -lgfortran -lm -lquadmath
configure:4556: checking if sgemm is being linked in already
configure:4563: gfortran -o conftest  -O2 -ffixed-line-length-none -cpp -fallow-argument-mismatch   conftest.f   -L/usr/lib/gcc/x86_64-linux-gnu/10 -L/usr/lib/gcc/x86_64-linux-gnu/10/../../../x86_64-linux-gnu -L/usr/lib/gcc/x86_64-linux-gnu/10/../../../../lib -L/lib/x86_64-linux-gnu -L/lib/../lib -L/usr/lib/x86_64-linux-gnu -L/usr/lib/../lib -L/usr/lib/gcc/x86_64-linux-gnu/10/../../.. -lgfortran -lm -lquadmath >&5
/usr/bin/ld: /tmp/ccgUhW6W.o: in function `main':
conftest.f:(.text.startup+0x1d): undefined reference to `sgemm_'
collect2: error: ld returned 1 exit status
configure:4563: $? = 1
configure: failed program was:
|       program main
|       call sgemm
|       end
configure:4568: result: no
configure:4576: checking if -mkl option is available
configure:4583: gfortran -o conftest  -O2 -ffixed-line-length-none -cpp -fallow-argument-mismatch   conftest.f -mkl=sequential   -L/usr/lib/gcc/x86_64-linux-gnu/10 -L/usr/lib/gcc/x86_64-linux-gnu/10/../../../x86_64-linux-gnu -L/usr/lib/gcc/x86_64-linux-gnu/10/../../../../lib -L/lib/x86_64-linux-gnu -L/lib/../lib -L/usr/lib/x86_64-linux-gnu -L/usr/lib/../lib -L/usr/lib/gcc/x86_64-linux-gnu/10/../../.. -lgfortran -lm -lquadmath >&5
gfortran: error: unrecognized command-line option '-mkl=sequential'
configure:4583: $? = 1
configure: failed program was:
|       program main
|       call sgemm
|       end
configure:4588: result: no
configure:4596: checking for sgemm in -lopenblas
configure:4608: gfortran -o conftest  -O2 -ffixed-line-length-none -cpp -fallow-argument-mismatch   conftest.f -lopenblas    -L/usr/lib/gcc/x86_64-linux-gnu/10 -L/usr/lib/gcc/x86_64-linux-gnu/10/../../../x86_64-linux-gnu -L/usr/lib/gcc/x86_64-linux-gnu/10/../../../../lib -L/lib/x86_64-linux-gnu -L/lib/../lib -L/usr/lib/x86_64-linux-gnu -L/usr/lib/../lib -L/usr/lib/gcc/x86_64-linux-gnu/10/../../.. -lgfortran -lm -lquadmath >&5
/usr/bin/ld: cannot find -lopenblas
collect2: error: ld returned 1 exit status
configure:4608: $? = 1
configure: failed program was:
|       program main
|       call sgemm
|       end
configure:4618: result: no
configure:4629: checking for ATL_xerbla in -latlas
configure:4641: gfortran -o conftest  -O2 -ffixed-line-length-none -cpp -fallow-argument-mismatch   conftest.f -latlas    -L/usr/lib/gcc/x86_64-linux-gnu/10 -L/usr/lib/gcc/x86_64-linux-gnu/10/../../../x86_64-linux-gnu -L/usr/lib/gcc/x86_64-linux-gnu/10/../../../../lib -L/lib/x86_64-linux-gnu -L/lib/../lib -L/usr/lib/x86_64-linux-gnu -L/usr/lib/../lib -L/usr/lib/gcc/x86_64-linux-gnu/10/../../.. -lgfortran -lm -lquadmath >&5
/usr/bin/ld: cannot find -latlas
collect2: error: ld returned 1 exit status
configure:4641: $? = 1
configure: failed program was:
|       program main
|       call ATL_xerbla
|       end
configure:4650: result: no
configure:4716: checking for sgemm in -lblas
configure:4728: gfortran -o conftest  -O2 -ffixed-line-length-none -cpp -fallow-argument-mismatch   conftest.f -lblas    -L/usr/lib/gcc/x86_64-linux-gnu/10 -L/usr/lib/gcc/x86_64-linux-gnu/10/../../../x86_64-linux-gnu -L/usr/lib/gcc/x86_64-linux-gnu/10/../../../../lib -L/lib/x86_64-linux-gnu -L/lib/../lib -L/usr/lib/x86_64-linux-gnu -L/usr/lib/../lib -L/usr/lib/gcc/x86_64-linux-gnu/10/../../.. -lgfortran -lm -lquadmath >&5
configure:4728: $? = 0
configure:4738: result: yes
configure:4742: checking for dgemm in -ldgemm
configure:4754: gfortran -o conftest  -O2 -ffixed-line-length-none -cpp -fallow-argument-mismatch   conftest.f -ldgemm -lblas   -L/usr/lib/gcc/x86_64-linux-gnu/10 -L/usr/lib/gcc/x86_64-linux-gnu/10/../../../x86_64-linux-gnu -L/usr/lib/gcc/x86_64-linux-gnu/10/../../../../lib -L/lib/x86_64-linux-gnu -L/lib/../lib -L/usr/lib/x86_64-linux-gnu -L/usr/lib/../lib -L/usr/lib/gcc/x86_64-linux-gnu/10/../../.. -lgfortran -lm -lquadmath >&5
/usr/bin/ld: cannot find -ldgemm
collect2: error: ld returned 1 exit status
configure:4754: $? = 1
configure: failed program was:
|       program main
|       call dgemm
|       end
configure:4764: result: no
configure:4809: checking for sgemm in -lmkl_gf_lp64
configure:4821: gfortran -o conftest  -O2 -ffixed-line-length-none -cpp -fallow-argument-mismatch   conftest.f -lmkl_gf_lp64 -lmkl_gf_lp64 -lmkl_sequential -lmkl_core -lpthread   -L/usr/lib/gcc/x86_64-linux-gnu/10 -L/usr/lib/gcc/x86_64-linux-gnu/10/../../../x86_64-linux-gnu -L/usr/lib/gcc/x86_64-linux-gnu/10/../../../../lib -L/lib/x86_64-linux-gnu -L/lib/../lib -L/usr/lib/x86_64-linux-gnu -L/usr/lib/../lib -L/usr/lib/gcc/x86_64-linux-gnu/10/../../.. -lgfortran -lm -lquadmath >&5
/usr/bin/ld: cannot find -lmkl_gf_lp64
/usr/bin/ld: cannot find -lmkl_gf_lp64
/usr/bin/ld: cannot find -lmkl_sequential
/usr/bin/ld: cannot find -lmkl_core
collect2: error: ld returned 1 exit status
configure:4821: $? = 1
configure: failed program was:
|       program main
|       call sgemm
|       end
configure:4831: result: no
configure:4939: checking for sgemm in -lmkl
configure:4951: gfortran -o conftest  -O2 -ffixed-line-length-none -cpp -fallow-argument-mismatch   conftest.f -lmkl -lguide -lpthread   -L/usr/lib/gcc/x86_64-linux-gnu/10 -L/usr/lib/gcc/x86_64-linux-gnu/10/../../../x86_64-linux-gnu -L/usr/lib/gcc/x86_64-linux-gnu/10/../../../../lib -L/lib/x86_64-linux-gnu -L/lib/../lib -L/usr/lib/x86_64-linux-gnu -L/usr/lib/../lib -L/usr/lib/gcc/x86_64-linux-gnu/10/../../.. -lgfortran -lm -lquadmath >&5
/usr/bin/ld: cannot find -lmkl
/usr/bin/ld: cannot find -lguide
collect2: error: ld returned 1 exit status
configure:4951: $? = 1
configure: failed program was:
|       program main
|       call sgemm
|       end
configure:4961: result: no
configure:4972: checking for sgemm in -framework vecLib
configure:4979: gfortran -o conftest  -O2 -ffixed-line-length-none -cpp -fallow-argument-mismatch   conftest.f -framework vecLib   -L/usr/lib/gcc/x86_64-linux-gnu/10 -L/usr/lib/gcc/x86_64-linux-gnu/10/../../../x86_64-linux-gnu -L/usr/lib/gcc/x86_64-linux-gnu/10/../../../../lib -L/lib/x86_64-linux-gnu -L/lib/../lib -L/usr/lib/x86_64-linux-gnu -L/usr/lib/../lib -L/usr/lib/gcc/x86_64-linux-gnu/10/../../.. -lgfortran -lm -lquadmath >&5
gfortran: error: vecLib: No such file or directory
gfortran: error: unrecognized command-line option '-framework'
configure:4979: $? = 1
configure: failed program was:
|       program main
|       call sgemm
|       end
configure:4984: result: no
configure:4992: checking for sgemm in -lcxml
configure:5004: gfortran -o conftest  -O2 -ffixed-line-length-none -cpp -fallow-argument-mismatch   conftest.f -lcxml    -L/usr/lib/gcc/x86_64-linux-gnu/10 -L/usr/lib/gcc/x86_64-linux-gnu/10/../../../x86_64-linux-gnu -L/usr/lib/gcc/x86_64-linux-gnu/10/../../../../lib -L/lib/x86_64-linux-gnu -L/lib/../lib -L/usr/lib/x86_64-linux-gnu -L/usr/lib/../lib -L/usr/lib/gcc/x86_64-linux-gnu/10/../../.. -lgfortran -lm -lquadmath >&5
/usr/bin/ld: cannot find -lcxml
collect2: error: ld returned 1 exit status
configure:5004: $? = 1
configure: failed program was:
|       program main
|       call sgemm
|       end
configure:5014: result: no
configure:5025: checking for sgemm in -ldxml
configure:5037: gfortran -o conftest  -O2 -ffixed-line-length-none -cpp -fallow-argument-mismatch   conftest.f -ldxml    -L/usr/lib/gcc/x86_64-linux-gnu/10 -L/usr/lib/gcc/x86_64-linux-gnu/10/../../../x86_64-linux-gnu -L/usr/lib/gcc/x86_64-linux-gnu/10/../../../../lib -L/lib/x86_64-linux-gnu -L/lib/../lib -L/usr/lib/x86_64-linux-gnu -L/usr/lib/../lib -L/usr/lib/gcc/x86_64-linux-gnu/10/../../.. -lgfortran -lm -lquadmath >&5
/usr/bin/ld: cannot find -ldxml
collect2: error: ld returned 1 exit status
configure:5037: $? = 1
configure: failed program was:
|       program main
|       call sgemm
|       end
configure:5047: result: no
configure:5058: checking for acosp in -lsunmath
configure:5070: gfortran -o conftest  -O2 -ffixed-line-length-none -cpp -fallow-argument-mismatch   conftest.f -lsunmath    -L/usr/lib/gcc/x86_64-linux-gnu/10 -L/usr/lib/gcc/x86_64-linux-gnu/10/../../../x86_64-linux-gnu -L/usr/lib/gcc/x86_64-linux-gnu/10/../../../../lib -L/lib/x86_64-linux-gnu -L/lib/../lib -L/usr/lib/x86_64-linux-gnu -L/usr/lib/../lib -L/usr/lib/gcc/x86_64-linux-gnu/10/../../.. -lgfortran -lm -lquadmath >&5
/usr/bin/ld: cannot find -lsunmath
collect2: error: ld returned 1 exit status
configure:5070: $? = 1
configure: failed program was:
|       program main
|       call acosp
|       end
configure:5079: result: no
configure:5120: checking for sgemm in -lscs
configure:5132: gfortran -o conftest  -O2 -ffixed-line-length-none -cpp -fallow-argument-mismatch   conftest.f -lscs    -L/usr/lib/gcc/x86_64-linux-gnu/10 -L/usr/lib/gcc/x86_64-linux-gnu/10/../../../x86_64-linux-gnu -L/usr/lib/gcc/x86_64-linux-gnu/10/../../../../lib -L/lib/x86_64-linux-gnu -L/lib/../lib -L/usr/lib/x86_64-linux-gnu -L/usr/lib/../lib -L/usr/lib/gcc/x86_64-linux-gnu/10/../../.. -lgfortran -lm -lquadmath >&5
/usr/bin/ld: cannot find -lscs
collect2: error: ld returned 1 exit status
configure:5132: $? = 1
configure: failed program was:
|       program main
|       call sgemm
|       end
configure:5142: result: no
configure:5153: checking for sgemm in -lcomplib.sgimath
configure:5165: gfortran -o conftest  -O2 -ffixed-line-length-none -cpp -fallow-argument-mismatch   conftest.f -lcomplib.sgimath    -L/usr/lib/gcc/x86_64-linux-gnu/10 -L/usr/lib/gcc/x86_64-linux-gnu/10/../../../x86_64-linux-gnu -L/usr/lib/gcc/x86_64-linux-gnu/10/../../../../lib -L/lib/x86_64-linux-gnu -L/lib/../lib -L/usr/lib/x86_64-linux-gnu -L/usr/lib/../lib -L/usr/lib/gcc/x86_64-linux-gnu/10/../../.. -lgfortran -lm -lquadmath >&5
/usr/bin/ld: cannot find -lcomplib.sgimath
collect2: error: ld returned 1 exit status
configure:5165: $? = 1
configure: failed program was:
|       program main
|       call sgemm
|       end
configure:5175: result: no
configure:5186: checking for sgemm in -lblas
configure:5208: result: yes
configure:5212: checking for sgemm in -lessl
configure:5224: gfortran -o conftest  -O2 -ffixed-line-length-none -cpp -fallow-argument-mismatch   conftest.f -lessl -lblas  -L/usr/lib/gcc/x86_64-linux-gnu/10 -L/usr/lib/gcc/x86_64-linux-gnu/10/../../../x86_64-linux-gnu -L/usr/lib/gcc/x86_64-linux-gnu/10/../../../../lib -L/lib/x86_64-linux-gnu -L/lib/../lib -L/usr/lib/x86_64-linux-gnu -L/usr/lib/../lib -L/usr/lib/gcc/x86_64-linux-gnu/10/../../.. -lgfortran -lm -lquadmath   -L/usr/lib/gcc/x86_64-linux-gnu/10 -L/usr/lib/gcc/x86_64-linux-gnu/10/../../../x86_64-linux-gnu -L/usr/lib/gcc/x86_64-linux-gnu/10/../../../../lib -L/lib/x86_64-linux-gnu -L/lib/../lib -L/usr/lib/x86_64-linux-gnu -L/usr/lib/../lib -L/usr/lib/gcc/x86_64-linux-gnu/10/../../.. -lgfortran -lm -lquadmath >&5
/usr/bin/ld: cannot find -lessl
collect2: error: ld returned 1 exit status
configure:5224: $? = 1
configure: failed program was:
|       program main
|       call sgemm
|       end
configure:5234: result: no
configure:5247: checking for sgemm in -lblas
configure:5269: result: yes
configure:5348: checking for cheev
configure:5348: gfortran -o conftest  -O2 -ffixed-line-length-none -cpp -fallow-argument-mismatch   conftest.f  -lblas  -L/usr/lib/gcc/x86_64-linux-gnu/10 -L/usr/lib/gcc/x86_64-linux-gnu/10/../../../x86_64-linux-gnu -L/usr/lib/gcc/x86_64-linux-gnu/10/../../../../lib -L/lib/x86_64-linux-gnu -L/lib/../lib -L/usr/lib/x86_64-linux-gnu -L/usr/lib/../lib -L/usr/lib/gcc/x86_64-linux-gnu/10/../../.. -lgfortran -lm -lquadmath >&5
/usr/bin/ld: /tmp/ccPimj5P.o: in function `main':
conftest.f:(.text.startup+0x1d): undefined reference to `cheev_'
collect2: error: ld returned 1 exit status
configure:5348: $? = 1
configure: failed program was:
|       program main
|       call cheev
|       end
configure:5348: result: no
configure:5360: checking for cheev
configure:5360: result: no
configure:5373: checking for cheev in -llapack
configure:5385: gfortran -o conftest  -O2 -ffixed-line-length-none -cpp -fallow-argument-mismatch   conftest.f -llapack  -L/usr/lib/gcc/x86_64-linux-gnu/10 -L/usr/lib/gcc/x86_64-linux-gnu/10/../../../x86_64-linux-gnu -L/usr/lib/gcc/x86_64-linux-gnu/10/../../../../lib -L/lib/x86_64-linux-gnu -L/lib/../lib -L/usr/lib/x86_64-linux-gnu -L/usr/lib/../lib -L/usr/lib/gcc/x86_64-linux-gnu/10/../../.. -lgfortran -lm -lquadmath -lblas  >&5
configure:5385: $? = 0
configure:5395: result: yes
configure:5462: checking for fftw3
configure:5470: gfortran -c  -O2 -ffixed-line-length-none -cpp -fallow-argument-mismatch  conftest.f >&5
configure:5470: $? = 0
configure:5490: gfortran -o conftest  -O2 -ffixed-line-length-none -cpp -fallow-argument-mismatch   conftest.f -llapack -lblas   -L/usr/lib/gcc/x86_64-linux-gnu/10 -L/usr/lib/gcc/x86_64-linux-gnu/10/../../../x86_64-linux-gnu -L/usr/lib/gcc/x86_64-linux-gnu/10/../../../../lib -L/lib/x86_64-linux-gnu -L/lib/../lib -L/usr/lib/x86_64-linux-gnu -L/usr/lib/../lib -L/usr/lib/gcc/x86_64-linux-gnu/10/../../.. -lgfortran -lm -lquadmath >&5
/usr/bin/ld: /tmp/cci9gVvN.o: in function `main':
conftest.f:(.text.startup+0x1d): undefined reference to `dfftw_execute_'
collect2: error: ld returned 1 exit status
configure:5490: $? = 1
configure: failed program was:
|       program main
| # include <fftw3.f>
|       call dfftw_execute
|       end
configure:5505: gfortran -o conftest  -O2 -ffixed-line-length-none -cpp -fallow-argument-mismatch   conftest.f -llapack -lblas   -L/usr/lib/gcc/x86_64-linux-gnu/10 -L/usr/lib/gcc/x86_64-linux-gnu/10/../../../x86_64-linux-gnu -L/usr/lib/gcc/x86_64-linux-gnu/10/../../../../lib -L/lib/x86_64-linux-gnu -L/lib/../lib -L/usr/lib/x86_64-linux-gnu -L/usr/lib/../lib -L/usr/lib/gcc/x86_64-linux-gnu/10/../../.. -lgfortran -lm -lquadmath -lfftw3 >&5
configure:5505: $? = 0
configure:5513: result: yes
configure:5725: checking for HDF5
configure:5733: gfortran -c  -O2 -ffixed-line-length-none -cpp -fallow-argument-mismatch -I/usr/lib/x86_64-linux-gnu/hdf5/openmpi//include  conftest.f >&5
configure:5733: $? = 0
configure:5739: result: yes
configure:5815: checking if HDF5 can be linked
configure:5823: gfortran -o conftest  -O2 -ffixed-line-length-none -cpp -fallow-argument-mismatch -I/usr/lib/x86_64-linux-gnu/hdf5/openmpi//include  -L/usr/lib/x86_64-linux-gnu/hdf5/openmpi//lib  conftest.f -llapack -lblas   -L/usr/lib/gcc/x86_64-linux-gnu/10 -L/usr/lib/gcc/x86_64-linux-gnu/10/../../../x86_64-linux-gnu -L/usr/lib/gcc/x86_64-linux-gnu/10/../../../../lib -L/lib/x86_64-linux-gnu -L/lib/../lib -L/usr/lib/x86_64-linux-gnu -L/usr/lib/../lib -L/usr/lib/gcc/x86_64-linux-gnu/10/../../.. -lgfortran -lm -lquadmath -lfftw3 -lhdf5 -lhdf5_fortran >&5
configure:5823: $? = 0
configure:5830: result: yes
configure:6129: creating ./config.status

## ---------------------- ##
## Running config.status. ##
## ---------------------- ##

This file was extended by Spex config.status 1-05.07, which was
generated by GNU Autoconf 2.69.  Invocation command line was

  CONFIG_FILES    = 
  CONFIG_HEADERS  = 
  CONFIG_LINKS    = 
  CONFIG_COMMANDS = 
  $ ./config.status 

on DESKTOP-PQ7UQV2

config.status:745: creating Makefile
config.status:745: creating src/Makefile
config.status:745: creating src/config.h

## ---------------- ##
## Cache variables. ##
## ---------------- ##

ac_cv_build=x86_64-unknown-linux-gnu
ac_cv_env_F77_set=
ac_cv_env_F77_value=
ac_cv_env_FCFLAGS_set=
ac_cv_env_FCFLAGS_value=
ac_cv_env_FC_set=
ac_cv_env_FC_value=
ac_cv_env_FFLAGS_set=
ac_cv_env_FFLAGS_value=
ac_cv_env_LDFLAGS_set=
ac_cv_env_LDFLAGS_value=
ac_cv_env_LIBS_set=
ac_cv_env_LIBS_value=
ac_cv_env_MPIFC_set=
ac_cv_env_MPIFC_value=
ac_cv_env_build_alias_set=
ac_cv_env_build_alias_value=
ac_cv_env_host_alias_set=
ac_cv_env_host_alias_value=
ac_cv_env_target_alias_set=
ac_cv_env_target_alias_value=
ac_cv_f77_compiler_gnu=yes
ac_cv_f77_libs=' -L/usr/lib/gcc/x86_64-linux-gnu/10 -L/usr/lib/gcc/x86_64-linux-gnu/10/../../../x86_64-linux-gnu -L/usr/lib/gcc/x86_64-linux-gnu/10/../../../../lib -L/lib/x86_64-linux-gnu -L/lib/../lib -L/usr/lib/x86_64-linux-gnu -L/usr/lib/../lib -L/usr/lib/gcc/x86_64-linux-gnu/10/../../.. -lgfortran -lm -lquadmath'
ac_cv_fc_compiler_gnu=yes
ac_cv_fc_line_length=-ffixed-line-length-none
ac_cv_file_src_readwrite_fleurR5_1_f=yes
ac_cv_func_cheev=no
ac_cv_host=x86_64-unknown-linux-gnu
ac_cv_lib_atlas_ATL_xerbla=no
ac_cv_lib_blas_sgemm=yes
ac_cv_lib_complib_sgimath_sgemm=no
ac_cv_lib_cxml_sgemm=no
ac_cv_lib_dgemm_dgemm=no
ac_cv_lib_dxml_sgemm=no
ac_cv_lib_essl_sgemm=no
ac_cv_lib_lapack___cheev=yes
ac_cv_lib_mkl_gf_lp64_sgemm=no
ac_cv_lib_mkl_sgemm=no
ac_cv_lib_openblas_sgemm=no
ac_cv_lib_scs_sgemm=no
ac_cv_lib_sunmath_acosp=no
ac_cv_objext=o
ac_cv_prog_ac_ct_FC=gfortran
ac_cv_prog_f77_g=yes
ac_cv_prog_f77_v=-v
ac_cv_prog_fc_g=yes

## ----------------- ##
## Output variables. ##
## ----------------- ##

BLAS_LIBS='-lblas'
CHECK=' -fcheck=all,no-array-temps -fbacktrace'
COMPNM=''\''GNU Fortran (Ubuntu 10.2.0-13ubuntu1) 10.2.0'\'''
CPPFLAGS=' -DCPPTRAD'
DEFS='-DPACKAGE_NAME=\"Spex\" -DPACKAGE_TARNAME=\"spex\" -DPACKAGE_VERSION=\"1-05.07\" -DPACKAGE_STRING=\"Spex\ 1-05.07\" -DPACKAGE_BUGREPORT=\"\" -DPACKAGE_URL=\"\" -DHAVE_BLAS=1 -DHAVE_LAPACK=1'
DFT='_fleurR5.1'
ECHO_C=''
ECHO_N='-n'
ECHO_T=''
EXEEXT=''
F77='gfortran'
FC='gfortran'
FCFLAGS=' -O2 -ffixed-line-length-none -cpp -fallow-argument-mismatch -I/usr/lib/x86_64-linux-gnu/hdf5/openmpi//include'
FFLAGS='-g -O2'
FLAGS=''
FLEUR_DIR=''
FLIBS=' -L/usr/lib/gcc/x86_64-linux-gnu/10 -L/usr/lib/gcc/x86_64-linux-gnu/10/../../../x86_64-linux-gnu -L/usr/lib/gcc/x86_64-linux-gnu/10/../../../../lib -L/lib/x86_64-linux-gnu -L/lib/../lib -L/usr/lib/x86_64-linux-gnu -L/usr/lib/../lib -L/usr/lib/gcc/x86_64-linux-gnu/10/../../.. -lgfortran -lm -lquadmath'
LAPACK_LIBS='-llapack'
LDFLAGS=' -L/usr/lib/x86_64-linux-gnu/hdf5/openmpi//lib'
LIBOBJS=''
LIBS='-llapack -lblas   -L/usr/lib/gcc/x86_64-linux-gnu/10 -L/usr/lib/gcc/x86_64-linux-gnu/10/../../../x86_64-linux-gnu -L/usr/lib/gcc/x86_64-linux-gnu/10/../../../../lib -L/lib/x86_64-linux-gnu -L/lib/../lib -L/usr/lib/x86_64-linux-gnu -L/usr/lib/../lib -L/usr/lib/gcc/x86_64-linux-gnu/10/../../.. -lgfortran -lm -lquadmath -lfftw3 -lhdf5 -lhdf5_fortran'
LTLIBOBJS=''
MODE='user'
MPIFC=''
OBJEXT='o'
PACKAGE_BUGREPORT=''
PACKAGE_NAME='Spex'
PACKAGE_STRING='Spex 1-05.07'
PACKAGE_TARNAME='spex'
PACKAGE_URL=''
PACKAGE_VERSION='1-05.07'
PATH_SEPARATOR=':'
SHELL='/bin/bash'
ac_ct_F77=''
ac_ct_FC='gfortran'
ac_ct_MPIFC=''
bindir='${exec_prefix}/bin'
build='x86_64-unknown-linux-gnu'
build_alias=''
build_cpu='x86_64'
build_os='linux-gnu'
build_vendor='unknown'
datadir='${datarootdir}'
datarootdir='${prefix}/share'
docdir='${datarootdir}/doc/${PACKAGE_TARNAME}'
dvidir='${docdir}'
exec_prefix='${prefix}'
extf=''
host='x86_64-unknown-linux-gnu'
host_alias=''
host_cpu='x86_64'
host_os='linux-gnu'
host_vendor='unknown'
htmldir='${docdir}'
includedir='${prefix}/include'
infodir='${datarootdir}/info'
libdir='${exec_prefix}/lib'
libexecdir='${exec_prefix}/libexec'
localedir='${datarootdir}/locale'
localstatedir='${prefix}/var'
mandir='${datarootdir}/man'
oldincludedir='/usr/include'
pdfdir='${docdir}'
prefix='/usr/local'
prep=''
program_transform_name='s,x,x,'
psdir='${docdir}'
sbindir='${exec_prefix}/sbin'
sharedstatedir='${prefix}/com'
sysconfdir='${prefix}/etc'
target_alias=''

## ----------- ##
## confdefs.h. ##
## ----------- ##

/* confdefs.h */
#define PACKAGE_NAME "Spex"
#define PACKAGE_TARNAME "spex"
#define PACKAGE_VERSION "1-05.07"
#define PACKAGE_STRING "Spex 1-05.07"
#define PACKAGE_BUGREPORT ""
#define PACKAGE_URL ""
#define HAVE_BLAS 1
#define HAVE_LAPACK 1

configure: exit 0
